<?xml version="1.0" encoding="UTF-8"?>
<!-- Generated by org.testng.reporters.JUnitReportReporter -->
<testsuite hostname="DESKTOP-Q17AFPI" failures="0" tests="1" name="amazonPackage.FirstClass" time="22.462" errors="0" timestamp="2023-08-02T22:04:02 IST" skipped="0">
  <testcase classname="amazonPackage.FirstClass" name="amazonSite" time="22.462"/>
  <system-out/>
</testsuite> <!-- amazonPackage.FirstClass -->
