<?xml version="1.0" encoding="UTF-8"?>
<!-- Generated by org.testng.reporters.JUnitReportReporter -->
<testsuite hostname="DESKTOP-Q17AFPI" failures="0" tests="1" name="amazonPackage.ThirdClass" time="11.166" errors="0" timestamp="2023-08-02T22:04:02 IST" skipped="0">
  <testcase classname="amazonPackage.ThirdClass" name="myntra" time="11.166"/>
  <system-out/>
</testsuite> <!-- amazonPackage.ThirdClass -->
